[2026-04-12 04:50:22Z INFO HostContext] No proxy settings were found based on environmental variables (http_proxy/https_proxy/HTTP_PROXY/HTTPS_PROXY)
[2026-04-12 04:50:22Z INFO HostContext] Well known directory 'Bin': 'C:\Users\gwl\Documents\GWL_App_Automation\actions-runner\bin'
[2026-04-12 04:50:22Z INFO HostContext] Well known directory 'Root': 'C:\Users\gwl\Documents\GWL_App_Automation\actions-runner'
[2026-04-12 04:50:22Z INFO HostContext] Well known config file 'Credentials': 'C:\Users\gwl\Documents\GWL_App_Automation\actions-runner\.credentials'
[2026-04-12 04:50:22Z INFO HostContext] Well known directory 'Bin': 'C:\Users\gwl\Documents\GWL_App_Automation\actions-runner\bin'
[2026-04-12 04:50:22Z INFO HostContext] Well known directory 'Root': 'C:\Users\gwl\Documents\GWL_App_Automation\actions-runner'
[2026-04-12 04:50:22Z INFO HostContext] Well known config file 'Runner': 'C:\Users\gwl\Documents\GWL_App_Automation\actions-runner\.runner'
[2026-04-12 04:50:22Z INFO Listener] Runner is built for Windows (X64) - win-x64.
[2026-04-12 04:50:22Z INFO Listener] RuntimeInformation: Microsoft Windows 10.0.26200.
[2026-04-12 04:50:22Z INFO Listener] Version: 2.333.1
[2026-04-12 04:50:22Z INFO Listener] Commit: 6792966801e8925346735b68c03bf9f347af4646
[2026-04-12 04:50:22Z INFO Listener] Culture: en-IN
[2026-04-12 04:50:22Z INFO Listener] UI Culture: en-US
[2026-04-12 04:50:22Z INFO HostContext] Well known directory 'Bin': 'C:\Users\gwl\Documents\GWL_App_Automation\actions-runner\bin'
[2026-04-12 04:50:22Z INFO HostContext] Well known directory 'Root': 'C:\Users\gwl\Documents\GWL_App_Automation\actions-runner'
[2026-04-12 04:50:22Z INFO Listener] Validating directory permissions for: 'C:\Users\gwl\Documents\GWL_App_Automation\actions-runner'
[2026-04-12 04:50:22Z INFO CommandLineParser] Parse
[2026-04-12 04:50:22Z INFO CommandLineParser] Parsing 1 args
[2026-04-12 04:50:22Z INFO CommandLineParser] parsing argument
[2026-04-12 04:50:22Z INFO CommandLineParser] HasArgs: False
[2026-04-12 04:50:22Z INFO CommandLineParser] Adding Command: run
[2026-04-12 04:50:22Z INFO Listener] Arguments parsed
[2026-04-12 04:50:22Z INFO Runner] ExecuteCommand
[2026-04-12 04:50:22Z INFO ConfigurationStore] currentAssemblyLocation: C:\Users\gwl\Documents\GWL_App_Automation\actions-runner\bin\Runner.Listener.dll
[2026-04-12 04:50:22Z INFO HostContext] Well known directory 'Bin': 'C:\Users\gwl\Documents\GWL_App_Automation\actions-runner\bin'
[2026-04-12 04:50:22Z INFO ConfigurationStore] binPath: C:\Users\gwl\Documents\GWL_App_Automation\actions-runner\bin
[2026-04-12 04:50:22Z INFO HostContext] Well known directory 'Bin': 'C:\Users\gwl\Documents\GWL_App_Automation\actions-runner\bin'
[2026-04-12 04:50:22Z INFO HostContext] Well known directory 'Root': 'C:\Users\gwl\Documents\GWL_App_Automation\actions-runner'
[2026-04-12 04:50:22Z INFO ConfigurationStore] RootFolder: C:\Users\gwl\Documents\GWL_App_Automation\actions-runner
[2026-04-12 04:50:22Z INFO HostContext] Well known directory 'Bin': 'C:\Users\gwl\Documents\GWL_App_Automation\actions-runner\bin'
[2026-04-12 04:50:22Z INFO HostContext] Well known directory 'Root': 'C:\Users\gwl\Documents\GWL_App_Automation\actions-runner'
[2026-04-12 04:50:22Z INFO HostContext] Well known config file 'Runner': 'C:\Users\gwl\Documents\GWL_App_Automation\actions-runner\.runner'
[2026-04-12 04:50:22Z INFO ConfigurationStore] ConfigFilePath: C:\Users\gwl\Documents\GWL_App_Automation\actions-runner\.runner
[2026-04-12 04:50:22Z INFO HostContext] Well known directory 'Bin': 'C:\Users\gwl\Documents\GWL_App_Automation\actions-runner\bin'
[2026-04-12 04:50:22Z INFO HostContext] Well known directory 'Root': 'C:\Users\gwl\Documents\GWL_App_Automation\actions-runner'
[2026-04-12 04:50:22Z INFO HostContext] Well known config file 'MigratedRunner': 'C:\Users\gwl\Documents\GWL_App_Automation\actions-runner\.runner_migrated'
[2026-04-12 04:50:22Z INFO ConfigurationStore] MigratedConfigFilePath: C:\Users\gwl\Documents\GWL_App_Automation\actions-runner\.runner_migrated
[2026-04-12 04:50:22Z INFO HostContext] Well known directory 'Bin': 'C:\Users\gwl\Documents\GWL_App_Automation\actions-runner\bin'
[2026-04-12 04:50:22Z INFO HostContext] Well known directory 'Root': 'C:\Users\gwl\Documents\GWL_App_Automation\actions-runner'
[2026-04-12 04:50:22Z INFO HostContext] Well known config file 'Credentials': 'C:\Users\gwl\Documents\GWL_App_Automation\actions-runner\.credentials'
[2026-04-12 04:50:22Z INFO ConfigurationStore] CredFilePath: C:\Users\gwl\Documents\GWL_App_Automation\actions-runner\.credentials
[2026-04-12 04:50:22Z INFO HostContext] Well known directory 'Bin': 'C:\Users\gwl\Documents\GWL_App_Automation\actions-runner\bin'
[2026-04-12 04:50:22Z INFO HostContext] Well known directory 'Root': 'C:\Users\gwl\Documents\GWL_App_Automation\actions-runner'
[2026-04-12 04:50:22Z INFO HostContext] Well known config file 'MigratedCredentials': 'C:\Users\gwl\Documents\GWL_App_Automation\actions-runner\.credentials_migrated'
[2026-04-12 04:50:22Z INFO ConfigurationStore] MigratedCredFilePath: C:\Users\gwl\Documents\GWL_App_Automation\actions-runner\.credentials_migrated
[2026-04-12 04:50:22Z INFO HostContext] Well known directory 'Bin': 'C:\Users\gwl\Documents\GWL_App_Automation\actions-runner\bin'
[2026-04-12 04:50:22Z INFO HostContext] Well known directory 'Root': 'C:\Users\gwl\Documents\GWL_App_Automation\actions-runner'
[2026-04-12 04:50:22Z INFO HostContext] Well known config file 'Service': 'C:\Users\gwl\Documents\GWL_App_Automation\actions-runner\.service'
[2026-04-12 04:50:22Z INFO ConfigurationStore] ServiceConfigFilePath: C:\Users\gwl\Documents\GWL_App_Automation\actions-runner\.service
[2026-04-12 04:50:22Z INFO CommandSettings] Flag 'help': 'False'
[2026-04-12 04:50:22Z INFO CommandSettings] Flag 'version': 'False'
[2026-04-12 04:50:22Z INFO CommandSettings] Flag 'commit': 'False'
[2026-04-12 04:50:22Z INFO CommandSettings] Flag 'check': 'False'
[2026-04-12 04:50:22Z INFO CommandSettings] Command 'configure': 'False'
[2026-04-12 04:50:22Z INFO CommandSettings] Command 'remove': 'False'
[2026-04-12 04:50:22Z INFO CommandSettings] Command 'warmup': 'False'
[2026-04-12 04:50:22Z INFO ConfigurationManager] LoadSettings
[2026-04-12 04:50:22Z INFO ConfigurationStore] IsConfigured()
[2026-04-12 04:50:22Z INFO ConfigurationStore] IsConfigured: True
[2026-04-12 04:50:22Z INFO ConfigurationManager] Is configured: True
[2026-04-12 04:50:22Z INFO ConfigurationStore] Read setting file: 423 chars
[2026-04-12 04:50:22Z INFO ConfigurationManager] Settings Loaded
[2026-04-12 04:50:22Z INFO ConfigurationStore] IsServiceConfigured()
[2026-04-12 04:50:22Z INFO ConfigurationStore] IsServiceConfigured: False
[2026-04-12 04:50:22Z INFO CommandSettings] Command 'run': 'True'
[2026-04-12 04:50:22Z INFO ConfigurationStore] IsConfigured()
[2026-04-12 04:50:22Z INFO ConfigurationStore] IsConfigured: True
[2026-04-12 04:50:22Z INFO ConfigurationManager] Is configured: True
[2026-04-12 04:50:22Z INFO Runner] Could not parse the argument value '' for StartupType. Defaulting to Manual
[2026-04-12 04:50:22Z INFO Runner] Set runner startup type - Manual
[2026-04-12 04:50:22Z INFO CommandSettings] Flag 'once': 'False'
[2026-04-12 04:50:22Z INFO CommandSettings] Flag 'once': 'False'
[2026-04-12 04:50:22Z INFO Runner] RunAsync
[2026-04-12 04:50:22Z INFO HostContext] Well known directory 'Bin': 'C:\Users\gwl\Documents\GWL_App_Automation\actions-runner\bin'
[2026-04-12 04:50:22Z INFO HostContext] Well known directory 'Root': 'C:\Users\gwl\Documents\GWL_App_Automation\actions-runner'
[2026-04-12 04:50:22Z INFO HostContext] Well known directory 'Work': 'C:\Users\gwl\Documents\GWL_App_Automation\actions-runner\Trashscan'
[2026-04-12 04:50:22Z INFO Runner] Validating directory permissions for: 'C:\Users\gwl\Documents\GWL_App_Automation\actions-runner\Trashscan'
[2026-04-12 04:50:22Z INFO ConfigurationManager] LoadMigratedSettings
[2026-04-12 04:50:22Z INFO ConfigurationStore] IsMigratedConfigured()
[2026-04-12 04:50:22Z INFO ConfigurationStore] IsMigratedConfigured: False
[2026-04-12 04:50:22Z INFO Runner] Failed to load migrated settings: No migrated configuration found.
[2026-04-12 04:50:22Z INFO Runner] Falling back to original .runner settings
[2026-04-12 04:50:22Z INFO Runner] Using BrokerMessageListener
[2026-04-12 04:50:22Z INFO BrokerMessageListener] Using provided settings
[2026-04-12 04:50:22Z INFO BrokerMessageListener] {
  "AgentId": 2,
  "AgentName": "DESKTOP-B9B5B45",
  "PoolId": 1,
  "PoolName": "Default",
  "ServerUrl": "https://pipelinesghubeus21.actions.githubusercontent.com/nQ9F8JQsJNC0ALDBqky79bdoMc3igapr3eK1NBUY3Z9YRatpSN/",
  "GitHubUrl": "https://github.com/gauravpgwl007-maker/Trashscan_Automation",
  "WorkFolder": "Trashscan",
  "UseV2Flow": true,
  "ServerUrlV2": "https://broker.actions.githubusercontent.com/"
}
[2026-04-12 04:50:22Z INFO BrokerMessageListener] Loading Credentials
[2026-04-12 04:50:22Z INFO ConfigurationStore] HasCredentials()
[2026-04-12 04:50:22Z INFO ConfigurationStore] stored True
[2026-04-12 04:50:22Z INFO CredentialManager] GetCredentialProvider
[2026-04-12 04:50:22Z INFO CredentialManager] Creating type OAuth
[2026-04-12 04:50:22Z INFO CredentialManager] Creating credential type: OAuth
[2026-04-12 04:50:22Z INFO HostContext] Well known directory 'Bin': 'C:\Users\gwl\Documents\GWL_App_Automation\actions-runner\bin'
[2026-04-12 04:50:22Z INFO HostContext] Well known directory 'Root': 'C:\Users\gwl\Documents\GWL_App_Automation\actions-runner'
[2026-04-12 04:50:22Z INFO HostContext] Well known config file 'RSACredentials': 'C:\Users\gwl\Documents\GWL_App_Automation\actions-runner\.credentials_rsaparams'
[2026-04-12 04:50:22Z INFO RSAEncryptedFileKeyManager] Loading RSA key parameters from file C:\Users\gwl\Documents\GWL_App_Automation\actions-runner\.credentials_rsaparams
[2026-04-12 04:50:22Z INFO BrokerMessageListener] Attempt to create session.
[2026-04-12 04:50:22Z INFO BrokerMessageListener] Connecting to the Broker Server...
[2026-04-12 04:50:22Z INFO ConfigurationStore] HasCredentials()
[2026-04-12 04:50:22Z INFO ConfigurationStore] stored True
[2026-04-12 04:50:22Z INFO CredentialManager] GetCredentialProvider
[2026-04-12 04:50:22Z INFO CredentialManager] Creating type OAuth
[2026-04-12 04:50:22Z INFO CredentialManager] Creating credential type: OAuth
[2026-04-12 04:50:22Z INFO RSAEncryptedFileKeyManager] Loading RSA key parameters from file C:\Users\gwl\Documents\GWL_App_Automation\actions-runner\.credentials_rsaparams
[2026-04-12 04:50:22Z INFO BrokerMessageListener] VssConnection created
[2026-04-12 04:50:22Z INFO BrokerMessageListener] Connecting to the Runner server...
[2026-04-12 04:50:22Z INFO RunnerServer] EstablishVssConnection
[2026-04-12 04:50:22Z INFO RunnerServer] Establish connection with 100 seconds timeout.
[2026-04-12 04:50:22Z INFO GitHubActionsService] Starting operation Location.GetConnectionData
[2026-04-12 04:50:22Z INFO RunnerServer] EstablishVssConnection
[2026-04-12 04:50:22Z INFO RunnerServer] Establish connection with 60 seconds timeout.
[2026-04-12 04:50:22Z INFO GitHubActionsService] Starting operation Location.GetConnectionData
[2026-04-12 04:50:22Z INFO RunnerServer] EstablishVssConnection
[2026-04-12 04:50:22Z INFO RunnerServer] Establish connection with 60 seconds timeout.
[2026-04-12 04:50:22Z INFO GitHubActionsService] Starting operation Location.GetConnectionData
[2026-04-12 04:50:23Z INFO GitHubActionsService] Finished operation Location.GetConnectionData
[2026-04-12 04:50:23Z INFO GitHubActionsService] Finished operation Location.GetConnectionData
[2026-04-12 04:50:23Z INFO GitHubActionsService] Finished operation Location.GetConnectionData
[2026-04-12 04:50:23Z INFO BrokerMessageListener] VssConnection created
[2026-04-12 04:50:23Z INFO Terminal] WRITE LINE: 
[2026-04-12 04:50:23Z INFO Terminal] WRITE LINE: 
[2026-04-12 04:50:23Z INFO RSAEncryptedFileKeyManager] Loading RSA key parameters from file C:\Users\gwl\Documents\GWL_App_Automation\actions-runner\.credentials_rsaparams
[2026-04-12 04:50:23Z INFO RSAEncryptedFileKeyManager] Loading RSA key parameters from file C:\Users\gwl\Documents\GWL_App_Automation\actions-runner\.credentials_rsaparams
[2026-04-12 04:50:25Z INFO GitHubActionsService] AAD Correlation ID for this token request: Unknown
[2026-04-12 04:50:25Z INFO BrokerMessageListener] Session created.
[2026-04-12 04:50:25Z INFO Terminal] WRITE LINE: Current runner version: '2.333.1'
[2026-04-12 04:50:25Z INFO Terminal] WRITE LINE: 2026-04-12 04:50:25Z: Listening for Jobs
[2026-04-12 04:50:25Z INFO JobDispatcher] Set runner/worker IPC timeout to 30 seconds.
[2026-04-12 04:50:26Z INFO BrokerMessageListener] Acknowledging runner request 'be44f783-e3c0-5815-be18-0989426e5259'.
[2026-04-12 04:50:26Z INFO ConfigurationStore] HasCredentials()
[2026-04-12 04:50:26Z INFO ConfigurationStore] stored True
[2026-04-12 04:50:26Z INFO CredentialManager] GetCredentialProvider
[2026-04-12 04:50:26Z INFO CredentialManager] Creating type OAuth
[2026-04-12 04:50:26Z INFO CredentialManager] Creating credential type: OAuth
[2026-04-12 04:50:26Z INFO RSAEncryptedFileKeyManager] Loading RSA key parameters from file C:\Users\gwl\Documents\GWL_App_Automation\actions-runner\.credentials_rsaparams
[2026-04-12 04:50:26Z INFO RSAEncryptedFileKeyManager] Loading RSA key parameters from file C:\Users\gwl\Documents\GWL_App_Automation\actions-runner\.credentials_rsaparams
[2026-04-12 04:50:26Z INFO RSAEncryptedFileKeyManager] Loading RSA key parameters from file C:\Users\gwl\Documents\GWL_App_Automation\actions-runner\.credentials_rsaparams
[2026-04-12 04:50:28Z INFO GitHubActionsService] AAD Correlation ID for this token request: Unknown
[2026-04-12 04:50:29Z INFO JobDispatcher] Job request 0 for plan 1183b200-1760-483c-91f5-6175d66115e4 job be44f783-e3c0-5815-be18-0989426e5259 received.
[2026-04-12 04:50:29Z INFO JobDispatcher] Pull OrchestrationId 1183b200-1760-483c-91f5-6175d66115e4.test.launch_spec_js from JWT claims
[2026-04-12 04:50:29Z INFO BrokerMessageListener] Received job status event. JobState: Busy
[2026-04-12 04:50:29Z INFO BrokerMessageListener] _getMessagesTokenSource is already disposed.
[2026-04-12 04:50:29Z INFO Terminal] WRITE LINE: 2026-04-12 04:50:29Z: Running job: test (launch.spec.js)
[2026-04-12 04:50:29Z INFO JobDispatcher] Start renew job request 0 for job be44f783-e3c0-5815-be18-0989426e5259.
[2026-04-12 04:50:30Z INFO JobDispatcher] Successfully renew job be44f783-e3c0-5815-be18-0989426e5259, job is valid till 12-04-2026 05:00:30
[2026-04-12 04:50:30Z INFO HostContext] Well known directory 'Bin': 'C:\Users\gwl\Documents\GWL_App_Automation\actions-runner\bin'
[2026-04-12 04:50:30Z INFO ProcessInvokerWrapper] Starting process:
[2026-04-12 04:50:30Z INFO ProcessInvokerWrapper]   File name: 'C:\Users\gwl\Documents\GWL_App_Automation\actions-runner\bin\Runner.Worker.exe'
[2026-04-12 04:50:30Z INFO ProcessInvokerWrapper]   Arguments: 'spawnclient 2224 2236'
[2026-04-12 04:50:30Z INFO ProcessInvokerWrapper]   Working directory: 'C:\Users\gwl\Documents\GWL_App_Automation\actions-runner\bin'
[2026-04-12 04:50:30Z INFO ProcessInvokerWrapper]   Require exit code zero: 'False'
[2026-04-12 04:50:30Z INFO ProcessInvokerWrapper]   Encoding web name:  ; code page: ''
[2026-04-12 04:50:30Z INFO ProcessInvokerWrapper]   Force kill process on cancellation: 'True'
[2026-04-12 04:50:30Z INFO ProcessInvokerWrapper]   Redirected STDIN: 'False'
[2026-04-12 04:50:30Z INFO ProcessInvokerWrapper]   Persist current code page: 'False'
[2026-04-12 04:50:30Z INFO ProcessInvokerWrapper]   Keep redirected STDIN open: 'False'
[2026-04-12 04:50:30Z INFO ProcessInvokerWrapper]   High priority process: 'True'
[2026-04-12 04:50:30Z INFO ProcessInvokerWrapper] Process started with process id 19708, waiting for process exit.
[2026-04-12 04:50:30Z INFO JobDispatcher] Send job request message to worker for job be44f783-e3c0-5815-be18-0989426e5259.
[2026-04-12 04:50:30Z INFO ProcessChannel] Sending message of length 24950, with hash 'cfc6853555a0cdbb9223221a2059a2abd1b4140eb1d577acaf7253bc1040d5d7'
[2026-04-12 04:50:30Z INFO JobNotification] Entering JobStarted Notification
[2026-04-12 04:50:30Z INFO JobNotification] Entering StartMonitor
[2026-04-12 04:51:30Z INFO JobDispatcher] Successfully renew job be44f783-e3c0-5815-be18-0989426e5259, job is valid till 12-04-2026 05:01:30
[2026-04-12 04:52:14Z INFO ProcessInvokerWrapper] STDOUT/STDERR stream read finished.
[2026-04-12 04:52:14Z INFO ProcessInvokerWrapper] STDOUT/STDERR stream read finished.
[2026-04-12 04:52:14Z INFO ProcessInvokerWrapper] Finished process 19708 with exit code 102, and elapsed time 00:01:43.9470961.
[2026-04-12 04:52:14Z INFO JobDispatcher] Worker finished for job be44f783-e3c0-5815-be18-0989426e5259. Code: 102
[2026-04-12 04:52:14Z INFO JobDispatcher] finish job request for job be44f783-e3c0-5815-be18-0989426e5259 with result: Failed
[2026-04-12 04:52:14Z INFO Terminal] WRITE LINE: 2026-04-12 04:52:14Z: Job test (launch.spec.js) completed with result: Failed
[2026-04-12 04:52:14Z INFO JobDispatcher] Stop renew job request for job be44f783-e3c0-5815-be18-0989426e5259.
[2026-04-12 04:52:14Z INFO JobDispatcher] job renew has been cancelled, stop renew job be44f783-e3c0-5815-be18-0989426e5259.
[2026-04-12 04:52:14Z INFO JobNotification] Entering JobCompleted Notification
[2026-04-12 04:52:14Z INFO JobNotification] Entering EndMonitor
[2026-04-12 04:52:14Z INFO BrokerMessageListener] Received job status event. JobState: Online
[2026-04-12 04:52:14Z WARN GitHubActionsService] GET request to https://broker.actions.githubusercontent.com/message?sessionId=6eb05d70-f9fd-40e6-8314-cb644b385629&status=Busy&runnerVersion=2.333.1&os=Windows&architecture=X64&disableUpdate=false has been cancelled.
[2026-04-12 04:52:14Z ERR  BrokerServer] Catch exception during request
[2026-04-12 04:52:14Z ERR  BrokerServer] System.Threading.Tasks.TaskCanceledException: The operation was canceled.
 ---> System.Threading.Tasks.TaskCanceledException: The operation was canceled.
 ---> System.IO.IOException: Unable to read data from the transport connection: The I/O operation has been aborted because of either a thread exit or an application request..
 ---> System.Net.Sockets.SocketException (995): The I/O operation has been aborted because of either a thread exit or an application request.
   --- End of inner exception stack trace ---
   at System.Net.Sockets.Socket.AwaitableSocketAsyncEventArgs.ThrowException(SocketError error, CancellationToken cancellationToken)
   at System.Net.Sockets.Socket.AwaitableSocketAsyncEventArgs.System.Threading.Tasks.Sources.IValueTaskSource<System.Int32>.GetResult(Int16 token)
   at System.Net.Security.SslStream.EnsureFullTlsFrameAsync[TIOAdapter](CancellationToken cancellationToken, Int32 estimatedSize)
   at System.Runtime.CompilerServices.PoolingAsyncValueTaskMethodBuilder`1.StateMachineBox`1.System.Threading.Tasks.Sources.IValueTaskSource<TResult>.GetResult(Int16 token)
   at System.Net.Security.SslStream.ReadAsyncInternal[TIOAdapter](Memory`1 buffer, CancellationToken cancellationToken)
   at System.Runtime.CompilerServices.PoolingAsyncValueTaskMethodBuilder`1.StateMachineBox`1.System.Threading.Tasks.Sources.IValueTaskSource<TResult>.GetResult(Int16 token)
   at System.Net.Http.HttpConnection.SendAsync(HttpRequestMessage request, Boolean async, CancellationToken cancellationToken)
   --- End of inner exception stack trace ---
   at System.Net.Http.HttpConnection.SendAsync(HttpRequestMessage request, Boolean async, CancellationToken cancellationToken)
   at System.Net.Http.AuthenticationHelper.SendWithNtAuthAsync(HttpRequestMessage request, Uri authUri, Boolean async, ICredentials credentials, Boolean isProxyAuth, HttpConnection connection, HttpConnectionPool connectionPool, CancellationToken cancellationToken)
   at System.Net.Http.HttpConnectionPool.SendWithVersionDetectionAndRetryAsync(HttpRequestMessage request, Boolean async, Boolean doRequestAuth, CancellationToken cancellationToken)
   at System.Net.Http.AuthenticationHelper.SendWithAuthAsync(HttpRequestMessage request, Uri authUri, Boolean async, ICredentials credentials, Boolean preAuthenticate, Boolean isProxyAuth, Boolean doRequestAuth, HttpConnectionPool pool, CancellationToken cancellationToken)
   at System.Net.Http.RedirectHandler.SendAsync(HttpRequestMessage request, Boolean async, CancellationToken cancellationToken)
   at GitHub.Services.Common.RawHttpMessageHandler.SendAsync(HttpRequestMessage request, CancellationToken cancellationToken)
   at GitHub.Services.Common.VssHttpRetryMessageHandler.SendAsync(HttpRequestMessage request, CancellationToken cancellationToken)
   at System.Net.Http.HttpClient.<SendAsync>g__Core|83_0(HttpRequestMessage request, HttpCompletionOption completionOption, CancellationTokenSource cts, Boolean disposeCts, CancellationTokenSource pendingRequestsCts, CancellationToken originalCancellationToken)
   --- End of inner exception stack trace ---
   at System.Net.Http.HttpClient.HandleFailure(Exception e, Boolean telemetryStarted, HttpResponseMessage response, CancellationTokenSource cts, CancellationToken cancellationToken, CancellationTokenSource pendingRequestsCts)
   at System.Net.Http.HttpClient.<SendAsync>g__Core|83_0(HttpRequestMessage request, HttpCompletionOption completionOption, CancellationTokenSource cts, Boolean disposeCts, CancellationTokenSource pendingRequestsCts, CancellationToken originalCancellationToken)
   at Sdk.WebApi.WebApi.RawHttpClientBase.SendAsync(HttpRequestMessage message, HttpCompletionOption completionOption, Object userState, CancellationToken cancellationToken)
   at Sdk.WebApi.WebApi.RawHttpClientBase.SendAsync[T](HttpRequestMessage message, Boolean readErrorBody, Object userState, CancellationToken cancellationToken)
   at Sdk.WebApi.WebApi.RawHttpClientBase.SendAsync[T](HttpMethod method, IEnumerable`1 additionalHeaders, Uri requestUri, HttpContent content, IEnumerable`1 queryParameters, Boolean readErrorBody, Object userState, CancellationToken cancellationToken)
   at GitHub.Actions.RunService.WebApi.BrokerHttpClient.GetRunnerMessageAsync(Nullable`1 sessionId, String runnerVersion, Nullable`1 status, String os, String architecture, Nullable`1 disableUpdate, CancellationToken cancellationToken)
   at GitHub.Runner.Common.BrokerServer.<>c__DisplayClass7_0.<<GetRunnerMessageAsync>b__0>d.MoveNext()
--- End of stack trace from previous location ---
   at GitHub.Runner.Common.RunnerService.RetryRequest[T](Func`1 func, CancellationToken cancellationToken, Int32 maxAttempts, Func`2 shouldRetry)
[2026-04-12 04:52:14Z ERR  BrokerServer] #####################################################
[2026-04-12 04:52:14Z ERR  BrokerServer] System.Threading.Tasks.TaskCanceledException: The operation was canceled.
 ---> System.IO.IOException: Unable to read data from the transport connection: The I/O operation has been aborted because of either a thread exit or an application request..
 ---> System.Net.Sockets.SocketException (995): The I/O operation has been aborted because of either a thread exit or an application request.
   --- End of inner exception stack trace ---
   at System.Net.Sockets.Socket.AwaitableSocketAsyncEventArgs.ThrowException(SocketError error, CancellationToken cancellationToken)
   at System.Net.Sockets.Socket.AwaitableSocketAsyncEventArgs.System.Threading.Tasks.Sources.IValueTaskSource<System.Int32>.GetResult(Int16 token)
   at System.Net.Security.SslStream.EnsureFullTlsFrameAsync[TIOAdapter](CancellationToken cancellationToken, Int32 estimatedSize)
   at System.Runtime.CompilerServices.PoolingAsyncValueTaskMethodBuilder`1.StateMachineBox`1.System.Threading.Tasks.Sources.IValueTaskSource<TResult>.GetResult(Int16 token)
   at System.Net.Security.SslStream.ReadAsyncInternal[TIOAdapter](Memory`1 buffer, CancellationToken cancellationToken)
   at System.Runtime.CompilerServices.PoolingAsyncValueTaskMethodBuilder`1.StateMachineBox`1.System.Threading.Tasks.Sources.IValueTaskSource<TResult>.GetResult(Int16 token)
   at System.Net.Http.HttpConnection.SendAsync(HttpRequestMessage request, Boolean async, CancellationToken cancellationToken)
   --- End of inner exception stack trace ---
   at System.Net.Http.HttpConnection.SendAsync(HttpRequestMessage request, Boolean async, CancellationToken cancellationToken)
   at System.Net.Http.AuthenticationHelper.SendWithNtAuthAsync(HttpRequestMessage request, Uri authUri, Boolean async, ICredentials credentials, Boolean isProxyAuth, HttpConnection connection, HttpConnectionPool connectionPool, CancellationToken cancellationToken)
   at System.Net.Http.HttpConnectionPool.SendWithVersionDetectionAndRetryAsync(HttpRequestMessage request, Boolean async, Boolean doRequestAuth, CancellationToken cancellationToken)
   at System.Net.Http.AuthenticationHelper.SendWithAuthAsync(HttpRequestMessage request, Uri authUri, Boolean async, ICredentials credentials, Boolean preAuthenticate, Boolean isProxyAuth, Boolean doRequestAuth, HttpConnectionPool pool, CancellationToken cancellationToken)
   at System.Net.Http.RedirectHandler.SendAsync(HttpRequestMessage request, Boolean async, CancellationToken cancellationToken)
   at GitHub.Services.Common.RawHttpMessageHandler.SendAsync(HttpRequestMessage request, CancellationToken cancellationToken)
   at GitHub.Services.Common.VssHttpRetryMessageHandler.SendAsync(HttpRequestMessage request, CancellationToken cancellationToken)
   at System.Net.Http.HttpClient.<SendAsync>g__Core|83_0(HttpRequestMessage request, HttpCompletionOption completionOption, CancellationTokenSource cts, Boolean disposeCts, CancellationTokenSource pendingRequestsCts, CancellationToken originalCancellationToken)
[2026-04-12 04:52:14Z ERR  BrokerServer] #####################################################
[2026-04-12 04:52:14Z ERR  BrokerServer] System.IO.IOException: Unable to read data from the transport connection: The I/O operation has been aborted because of either a thread exit or an application request..
 ---> System.Net.Sockets.SocketException (995): The I/O operation has been aborted because of either a thread exit or an application request.
   --- End of inner exception stack trace ---
   at System.Net.Sockets.Socket.AwaitableSocketAsyncEventArgs.ThrowException(SocketError error, CancellationToken cancellationToken)
   at System.Net.Sockets.Socket.AwaitableSocketAsyncEventArgs.System.Threading.Tasks.Sources.IValueTaskSource<System.Int32>.GetResult(Int16 token)
   at System.Net.Security.SslStream.EnsureFullTlsFrameAsync[TIOAdapter](CancellationToken cancellationToken, Int32 estimatedSize)
   at System.Runtime.CompilerServices.PoolingAsyncValueTaskMethodBuilder`1.StateMachineBox`1.System.Threading.Tasks.Sources.IValueTaskSource<TResult>.GetResult(Int16 token)
   at System.Net.Security.SslStream.ReadAsyncInternal[TIOAdapter](Memory`1 buffer, CancellationToken cancellationToken)
   at System.Runtime.CompilerServices.PoolingAsyncValueTaskMethodBuilder`1.StateMachineBox`1.System.Threading.Tasks.Sources.IValueTaskSource<TResult>.GetResult(Int16 token)
   at System.Net.Http.HttpConnection.SendAsync(HttpRequestMessage request, Boolean async, CancellationToken cancellationToken)
[2026-04-12 04:52:14Z ERR  BrokerServer] #####################################################
[2026-04-12 04:52:14Z ERR  BrokerServer] System.Net.Sockets.SocketException (995): The I/O operation has been aborted because of either a thread exit or an application request.
[2026-04-12 04:52:14Z WARN BrokerServer] Back off 7.624 seconds before next retry. 4 attempt left.
[2026-04-12 04:52:14Z INFO BrokerMessageListener] Get messages has been cancelled using local token source. Continue to get messages with new status.
[2026-04-12 04:52:16Z INFO BrokerMessageListener] Acknowledging runner request 'fb884fb8-5ce2-51e4-8b05-50ecb343ac1f'.
[2026-04-12 04:52:16Z INFO ConfigurationStore] HasCredentials()
[2026-04-12 04:52:16Z INFO ConfigurationStore] stored True
[2026-04-12 04:52:16Z INFO CredentialManager] GetCredentialProvider
[2026-04-12 04:52:16Z INFO CredentialManager] Creating type OAuth
[2026-04-12 04:52:16Z INFO CredentialManager] Creating credential type: OAuth
[2026-04-12 04:52:16Z INFO RSAEncryptedFileKeyManager] Loading RSA key parameters from file C:\Users\gwl\Documents\GWL_App_Automation\actions-runner\.credentials_rsaparams
[2026-04-12 04:52:18Z INFO RSAEncryptedFileKeyManager] Loading RSA key parameters from file C:\Users\gwl\Documents\GWL_App_Automation\actions-runner\.credentials_rsaparams
[2026-04-12 04:52:19Z INFO RSAEncryptedFileKeyManager] Loading RSA key parameters from file C:\Users\gwl\Documents\GWL_App_Automation\actions-runner\.credentials_rsaparams
[2026-04-12 04:52:29Z INFO GitHubActionsService] AAD Correlation ID for this token request: Unknown
[2026-04-12 04:52:29Z WARN GitHubActionsService] Retrieving an AAD auth token took a long time (10.9808612 seconds)
[2026-04-12 04:52:32Z INFO JobDispatcher] Job request 0 for plan 1183b200-1760-483c-91f5-6175d66115e4 job fb884fb8-5ce2-51e4-8b05-50ecb343ac1f received.
[2026-04-12 04:52:32Z INFO JobDispatcher] Pull OrchestrationId 1183b200-1760-483c-91f5-6175d66115e4.test.login_spec_js from JWT claims
[2026-04-12 04:52:32Z INFO BrokerMessageListener] Received job status event. JobState: Busy
[2026-04-12 04:52:32Z INFO BrokerMessageListener] _getMessagesTokenSource is already disposed.
[2026-04-12 04:52:32Z INFO JobDispatcher] Job request be44f783-e3c0-5815-be18-0989426e5259 processed succeed.
[2026-04-12 04:52:32Z INFO Terminal] WRITE LINE: 2026-04-12 04:52:32Z: Running job: test (login.spec.js)
[2026-04-12 04:52:32Z INFO JobDispatcher] Start renew job request 0 for job fb884fb8-5ce2-51e4-8b05-50ecb343ac1f.
[2026-04-12 04:52:35Z INFO JobDispatcher] Successfully renew job fb884fb8-5ce2-51e4-8b05-50ecb343ac1f, job is valid till 12-04-2026 05:02:35
[2026-04-12 04:52:35Z INFO HostContext] Well known directory 'Bin': 'C:\Users\gwl\Documents\GWL_App_Automation\actions-runner\bin'
[2026-04-12 04:52:35Z INFO ProcessInvokerWrapper] Starting process:
[2026-04-12 04:52:35Z INFO ProcessInvokerWrapper]   File name: 'C:\Users\gwl\Documents\GWL_App_Automation\actions-runner\bin\Runner.Worker.exe'
[2026-04-12 04:52:35Z INFO ProcessInvokerWrapper]   Arguments: 'spawnclient 2464 2476'
[2026-04-12 04:52:35Z INFO ProcessInvokerWrapper]   Working directory: 'C:\Users\gwl\Documents\GWL_App_Automation\actions-runner\bin'
[2026-04-12 04:52:35Z INFO ProcessInvokerWrapper]   Require exit code zero: 'False'
[2026-04-12 04:52:35Z INFO ProcessInvokerWrapper]   Encoding web name:  ; code page: ''
[2026-04-12 04:52:35Z INFO ProcessInvokerWrapper]   Force kill process on cancellation: 'True'
[2026-04-12 04:52:35Z INFO ProcessInvokerWrapper]   Redirected STDIN: 'False'
[2026-04-12 04:52:35Z INFO ProcessInvokerWrapper]   Persist current code page: 'False'
[2026-04-12 04:52:35Z INFO ProcessInvokerWrapper]   Keep redirected STDIN open: 'False'
[2026-04-12 04:52:35Z INFO ProcessInvokerWrapper]   High priority process: 'True'
[2026-04-12 04:52:35Z INFO ProcessInvokerWrapper] Process started with process id 31752, waiting for process exit.
[2026-04-12 04:52:35Z INFO JobDispatcher] Send job request message to worker for job fb884fb8-5ce2-51e4-8b05-50ecb343ac1f.
[2026-04-12 04:52:35Z INFO ProcessChannel] Sending message of length 24943, with hash '60948d950051df486e04c95a25f8721e00b3ab5d5c77e7327976964bfc1c7a9a'
[2026-04-12 04:52:36Z INFO JobNotification] Entering JobStarted Notification
[2026-04-12 04:52:36Z INFO JobNotification] Entering StartMonitor
[2026-04-12 04:52:53Z INFO HostContext] Runner will be shutdown for UserCancelled
[2026-04-12 04:52:53Z WARN GitHubActionsService] GET request to https://broker.actions.githubusercontent.com/message?sessionId=6eb05d70-f9fd-40e6-8314-cb644b385629&status=Busy&runnerVersion=2.333.1&os=Windows&architecture=X64&disableUpdate=false has been cancelled.
[2026-04-12 04:52:53Z ERR  BrokerServer] Catch exception during request
[2026-04-12 04:52:53Z ERR  BrokerServer] System.Threading.Tasks.TaskCanceledException: The operation was canceled.
 ---> System.Threading.Tasks.TaskCanceledException: The operation was canceled.
 ---> System.IO.IOException: Unable to read data from the transport connection: The I/O operation has been aborted because of either a thread exit or an application request..
 ---> System.Net.Sockets.SocketException (995): The I/O operation has been aborted because of either a thread exit or an application request.
   --- End of inner exception stack trace ---
   at System.Net.Sockets.Socket.AwaitableSocketAsyncEventArgs.ThrowException(SocketError error, CancellationToken cancellationToken)
   at System.Net.Sockets.Socket.AwaitableSocketAsyncEventArgs.System.Threading.Tasks.Sources.IValueTaskSource<System.Int32>.GetResult(Int16 token)
   at System.Net.Security.SslStream.EnsureFullTlsFrameAsync[TIOAdapter](CancellationToken cancellationToken, Int32 estimatedSize)
   at System.Runtime.CompilerServices.PoolingAsyncValueTaskMethodBuilder`1.StateMachineBox`1.System.Threading.Tasks.Sources.IValueTaskSource<TResult>.GetResult(Int16 token)
   at System.Net.Security.SslStream.ReadAsyncInternal[TIOAdapter](Memory`1 buffer, CancellationToken cancellationToken)
   at System.Runtime.CompilerServices.PoolingAsyncValueTaskMethodBuilder`1.StateMachineBox`1.System.Threading.Tasks.Sources.IValueTaskSource<TResult>.GetResult(Int16 token)
   at System.Net.Http.HttpConnection.<EnsureReadAheadTaskHasStarted>g__ReadAheadWithZeroByteReadAsync|40_0()
   at System.Net.Http.HttpConnection.SendAsync(HttpRequestMessage request, Boolean async, CancellationToken cancellationToken)
   --- End of inner exception stack trace ---
   at System.Net.Http.HttpConnection.SendAsync(HttpRequestMessage request, Boolean async, CancellationToken cancellationToken)
   at System.Net.Http.AuthenticationHelper.SendWithNtAuthAsync(HttpRequestMessage request, Uri authUri, Boolean async, ICredentials credentials, Boolean isProxyAuth, HttpConnection connection, HttpConnectionPool connectionPool, CancellationToken cancellationToken)
   at System.Net.Http.HttpConnectionPool.SendWithVersionDetectionAndRetryAsync(HttpRequestMessage request, Boolean async, Boolean doRequestAuth, CancellationToken cancellationToken)
   at System.Net.Http.AuthenticationHelper.SendWithAuthAsync(HttpRequestMessage request, Uri authUri, Boolean async, ICredentials credentials, Boolean preAuthenticate, Boolean isProxyAuth, Boolean doRequestAuth, HttpConnectionPool pool, CancellationToken cancellationToken)
   at System.Net.Http.RedirectHandler.SendAsync(HttpRequestMessage request, Boolean async, CancellationToken cancellationToken)
   at GitHub.Services.Common.RawHttpMessageHandler.SendAsync(HttpRequestMessage request, CancellationToken cancellationToken)
   at GitHub.Services.Common.VssHttpRetryMessageHandler.SendAsync(HttpRequestMessage request, CancellationToken cancellationToken)
   at System.Net.Http.HttpClient.<SendAsync>g__Core|83_0(HttpRequestMessage request, HttpCompletionOption completionOption, CancellationTokenSource cts, Boolean disposeCts, CancellationTokenSource pendingRequestsCts, CancellationToken originalCancellationToken)
   --- End of inner exception stack trace ---
   at System.Net.Http.HttpClient.HandleFailure(Exception e, Boolean telemetryStarted, HttpResponseMessage response, CancellationTokenSource cts, CancellationToken cancellationToken, CancellationTokenSource pendingRequestsCts)
   at System.Net.Http.HttpClient.<SendAsync>g__Core|83_0(HttpRequestMessage request, HttpCompletionOption completionOption, CancellationTokenSource cts, Boolean disposeCts, CancellationTokenSource pendingRequestsCts, CancellationToken originalCancellationToken)
   at Sdk.WebApi.WebApi.RawHttpClientBase.SendAsync(HttpRequestMessage message, HttpCompletionOption completionOption, Object userState, CancellationToken cancellationToken)
   at Sdk.WebApi.WebApi.RawHttpClientBase.SendAsync[T](HttpRequestMessage message, Boolean readErrorBody, Object userState, CancellationToken cancellationToken)
   at Sdk.WebApi.WebApi.RawHttpClientBase.SendAsync[T](HttpMethod method, IEnumerable`1 additionalHeaders, Uri requestUri, HttpContent content, IEnumerable`1 queryParameters, Boolean readErrorBody, Object userState, CancellationToken cancellationToken)
   at GitHub.Actions.RunService.WebApi.BrokerHttpClient.GetRunnerMessageAsync(Nullable`1 sessionId, String runnerVersion, Nullable`1 status, String os, String architecture, Nullable`1 disableUpdate, CancellationToken cancellationToken)
   at GitHub.Runner.Common.BrokerServer.<>c__DisplayClass7_0.<<GetRunnerMessageAsync>b__0>d.MoveNext()
--- End of stack trace from previous location ---
   at GitHub.Runner.Common.RunnerService.RetryRequest[T](Func`1 func, CancellationToken cancellationToken, Int32 maxAttempts, Func`2 shouldRetry)
[2026-04-12 04:52:53Z ERR  BrokerServer] #####################################################
[2026-04-12 04:52:53Z ERR  BrokerServer] System.Threading.Tasks.TaskCanceledException: The operation was canceled.
 ---> System.IO.IOException: Unable to read data from the transport connection: The I/O operation has been aborted because of either a thread exit or an application request..
 ---> System.Net.Sockets.SocketException (995): The I/O operation has been aborted because of either a thread exit or an application request.
   --- End of inner exception stack trace ---
   at System.Net.Sockets.Socket.AwaitableSocketAsyncEventArgs.ThrowException(SocketError error, CancellationToken cancellationToken)
   at System.Net.Sockets.Socket.AwaitableSocketAsyncEventArgs.System.Threading.Tasks.Sources.IValueTaskSource<System.Int32>.GetResult(Int16 token)
   at System.Net.Security.SslStream.EnsureFullTlsFrameAsync[TIOAdapter](CancellationToken cancellationToken, Int32 estimatedSize)
   at System.Runtime.CompilerServices.PoolingAsyncValueTaskMethodBuilder`1.StateMachineBox`1.System.Threading.Tasks.Sources.IValueTaskSource<TResult>.GetResult(Int16 token)
   at System.Net.Security.SslStream.ReadAsyncInternal[TIOAdapter](Memory`1 buffer, CancellationToken cancellationToken)
   at System.Runtime.CompilerServices.PoolingAsyncValueTaskMethodBuilder`1.StateMachineBox`1.System.Threading.Tasks.Sources.IValueTaskSource<TResult>.GetResult(Int16 token)
   at System.Net.Http.HttpConnection.<EnsureReadAheadTaskHasStarted>g__ReadAheadWithZeroByteReadAsync|40_0()
   at System.Net.Http.HttpConnection.SendAsync(HttpRequestMessage request, Boolean async, CancellationToken cancellationToken)
   --- End of inner exception stack trace ---
   at System.Net.Http.HttpConnection.SendAsync(HttpRequestMessage request, Boolean async, CancellationToken cancellationToken)
   at System.Net.Http.AuthenticationHelper.SendWithNtAuthAsync(HttpRequestMessage request, Uri authUri, Boolean async, ICredentials credentials, Boolean isProxyAuth, HttpConnection connection, HttpConnectionPool connectionPool, CancellationToken cancellationToken)
   at System.Net.Http.HttpConnectionPool.SendWithVersionDetectionAndRetryAsync(HttpRequestMessage request, Boolean async, Boolean doRequestAuth, CancellationToken cancellationToken)
   at System.Net.Http.AuthenticationHelper.SendWithAuthAsync(HttpRequestMessage request, Uri authUri, Boolean async, ICredentials credentials, Boolean preAuthenticate, Boolean isProxyAuth, Boolean doRequestAuth, HttpConnectionPool pool, CancellationToken cancellationToken)
   at System.Net.Http.RedirectHandler.SendAsync(HttpRequestMessage request, Boolean async, CancellationToken cancellationToken)
   at GitHub.Services.Common.RawHttpMessageHandler.SendAsync(HttpRequestMessage request, CancellationToken cancellationToken)
   at GitHub.Services.Common.VssHttpRetryMessageHandler.SendAsync(HttpRequestMessage request, CancellationToken cancellationToken)
   at System.Net.Http.HttpClient.<SendAsync>g__Core|83_0(HttpRequestMessage request, HttpCompletionOption completionOption, CancellationTokenSource cts, Boolean disposeCts, CancellationTokenSource pendingRequestsCts, CancellationToken originalCancellationToken)
[2026-04-12 04:52:53Z ERR  BrokerServer] #####################################################
[2026-04-12 04:52:53Z ERR  BrokerServer] System.IO.IOException: Unable to read data from the transport connection: The I/O operation has been aborted because of either a thread exit or an application request..
 ---> System.Net.Sockets.SocketException (995): The I/O operation has been aborted because of either a thread exit or an application request.
   --- End of inner exception stack trace ---
   at System.Net.Sockets.Socket.AwaitableSocketAsyncEventArgs.ThrowException(SocketError error, CancellationToken cancellationToken)
   at System.Net.Sockets.Socket.AwaitableSocketAsyncEventArgs.System.Threading.Tasks.Sources.IValueTaskSource<System.Int32>.GetResult(Int16 token)
   at System.Net.Security.SslStream.EnsureFullTlsFrameAsync[TIOAdapter](CancellationToken cancellationToken, Int32 estimatedSize)
   at System.Runtime.CompilerServices.PoolingAsyncValueTaskMethodBuilder`1.StateMachineBox`1.System.Threading.Tasks.Sources.IValueTaskSource<TResult>.GetResult(Int16 token)
   at System.Net.Security.SslStream.ReadAsyncInternal[TIOAdapter](Memory`1 buffer, CancellationToken cancellationToken)
   at System.Runtime.CompilerServices.PoolingAsyncValueTaskMethodBuilder`1.StateMachineBox`1.System.Threading.Tasks.Sources.IValueTaskSource<TResult>.GetResult(Int16 token)
   at System.Net.Http.HttpConnection.<EnsureReadAheadTaskHasStarted>g__ReadAheadWithZeroByteReadAsync|40_0()
   at System.Net.Http.HttpConnection.SendAsync(HttpRequestMessage request, Boolean async, CancellationToken cancellationToken)
[2026-04-12 04:52:53Z ERR  BrokerServer] #####################################################
[2026-04-12 04:52:53Z ERR  BrokerServer] System.Net.Sockets.SocketException (995): The I/O operation has been aborted because of either a thread exit or an application request.
[2026-04-12 04:52:53Z WARN BrokerServer] Back off 13.616 seconds before next retry. 4 attempt left.
[2026-04-12 04:52:53Z INFO BrokerMessageListener] Get next message has been cancelled.
[2026-04-12 04:52:53Z INFO JobDispatcher] Shutting down JobDispatcher. Make sure all WorkerDispatcher has finished.
[2026-04-12 04:52:53Z INFO JobDispatcher] Ensure WorkerDispatcher for job fb884fb8-5ce2-51e4-8b05-50ecb343ac1f run to finish, cancel any running job.
[2026-04-12 04:52:53Z INFO JobDispatcher] Send job cancellation message to worker for job fb884fb8-5ce2-51e4-8b05-50ecb343ac1f.
[2026-04-12 04:52:53Z INFO ProcessChannel] Sending message of length 0, with hash 'e3b0c44298fc1c149afbf4c8996fb92427ae41e4649b934ca495991b7852b855'
[2026-04-12 04:52:57Z INFO ProcessInvokerWrapper] STDOUT/STDERR stream read finished.
[2026-04-12 04:52:57Z INFO ProcessInvokerWrapper] STDOUT/STDERR stream read finished.
[2026-04-12 04:52:58Z INFO ProcessInvokerWrapper] Finished process 31752 with exit code 102, and elapsed time 00:00:22.6631034.
[2026-04-12 04:52:58Z INFO JobDispatcher] finish job request for job fb884fb8-5ce2-51e4-8b05-50ecb343ac1f with result: Canceled
[2026-04-12 04:52:58Z INFO Terminal] WRITE LINE: 2026-04-12 04:52:58Z: Job test (login.spec.js) completed with result: Canceled
[2026-04-12 04:52:58Z INFO JobDispatcher] Stop renew job request for job fb884fb8-5ce2-51e4-8b05-50ecb343ac1f.
[2026-04-12 04:52:58Z INFO JobDispatcher] job renew has been cancelled, stop renew job fb884fb8-5ce2-51e4-8b05-50ecb343ac1f.
[2026-04-12 04:52:58Z INFO JobNotification] Entering JobCompleted Notification
[2026-04-12 04:52:58Z INFO JobNotification] Entering EndMonitor
[2026-04-12 04:52:58Z INFO Runner] Deleting Runner Session...
